<?xml version="1.0" encoding="UTF-8"?>
<robot generator="Robot 7.2.2 (Python 3.12.3 on linux)" generated="2025-06-14T21:16:55.230950" rpa="false" schemaversion="5">
<suite id="s1" name="Example Login Use Case" source="/home/kkhalttunen/yamk_thesis_enhanced/data/test_cases/Falcon3-7B-Base/example_login_use_case.robot">
<test id="s1-t1" name="Test Login Functionality" line="17">
<kw name="Setup Browser" type="SETUP">
<kw name="New Browser" owner="Browser">
<arg>${BROWSER}</arg>
<arg>headless=${HEADLESS}</arg>
<tag>BrowserControl</tag>
<tag>Setter</tag>
<doc>Create a new playwright Browser with specified options.</doc>
<status status="NOT RUN" start="2025-06-14T21:16:55.381437" elapsed="0.000270"/>
</kw>
<kw name="Set Browser Timeout" owner="Browser">
<arg>${TIMEOUT}</arg>
<tag>Config</tag>
<tag>Setter</tag>
<doc>Sets the timeout used by most input and getter keywords.</doc>
<status status="NOT RUN" start="2025-06-14T21:16:55.381815" elapsed="0.000165"/>
</kw>
<kw name="New Context" owner="Browser">
<arg>viewport={'width': 1280, 'height': 720}</arg>
<tag>BrowserControl</tag>
<tag>Setter</tag>
<doc>Create a new BrowserContext with specified options.</doc>
<status status="NOT RUN" start="2025-06-14T21:16:55.382054" elapsed="0.000283"/>
</kw>
<status status="PASS" start="2025-06-14T21:16:55.380967" elapsed="0.001416"/>
</kw>
<kw name="Log" owner="BuiltIn">
<arg>Action: Initialize browser</arg>
<doc>Logs the given message with the given level.</doc>
<status status="NOT RUN" start="2025-06-14T21:16:55.382451" elapsed="0.000057"/>
</kw>
<kw name="Go To" owner="Browser">
<arg>https://the-internet.herokuapp.com/login</arg>
<tag>BrowserControl</tag>
<tag>Setter</tag>
<doc>Navigates to the given ``url``.</doc>
<status status="NOT RUN" start="2025-06-14T21:16:55.382565" elapsed="0.000147"/>
</kw>
<kw name="Type Text" owner="Browser">
<arg>id="username"</arg>
<arg>test value</arg>
<tag>PageContent</tag>
<tag>Setter</tag>
<doc>Types the given ``txt`` into the text field found by ``selector``.</doc>
<status status="NOT RUN" start="2025-06-14T21:16:55.382771" elapsed="0.000130"/>
</kw>
<kw name="Type Text" owner="Browser">
<arg>id="password"</arg>
<arg>test value</arg>
<tag>PageContent</tag>
<tag>Setter</tag>
<doc>Types the given ``txt`` into the text field found by ``selector``.</doc>
<status status="NOT RUN" start="2025-06-14T21:16:55.382957" elapsed="0.000117"/>
</kw>
<kw name="Click" owner="Browser">
<arg>text="L"</arg>
<tag>PageContent</tag>
<tag>Setter</tag>
<doc>Simulates mouse click on the element found by ``selector``.</doc>
<status status="NOT RUN" start="2025-06-14T21:16:55.383130" elapsed="0.000128"/>
</kw>
<kw name="Get Text" owner="Browser">
<msg time="2025-06-14T21:16:55.383440" level="FAIL">Keyword 'Browser.Get Text' expected 1 to 4 arguments, got 0.</msg>
<tag>Assertion</tag>
<tag>Getter</tag>
<tag>PageContent</tag>
<doc>Returns text attribute of the element found by ``selector``.</doc>
<status status="FAIL" start="2025-06-14T21:16:55.383319" elapsed="0.000157">Keyword 'Browser.Get Text' expected 1 to 4 arguments, got 0.</status>
</kw>
<kw name="Close Browser" type="TEARDOWN">
<kw name="Take Screenshot" owner="Browser">
<arg>fullPage=True</arg>
<tag>PageContent</tag>
<doc>Takes a screenshot of the current window or element and saves it to disk.</doc>
<status status="NOT RUN" start="2025-06-14T21:16:55.383849" elapsed="0.000166"/>
</kw>
<kw name="Close Browser">
<msg time="2025-06-14T21:16:55.384162" level="FAIL">Keyword 'Close Browser' expected 0 arguments, got 1.</msg>
<arg>ALL</arg>
<status status="FAIL" start="2025-06-14T21:16:55.384107" elapsed="0.000079">Keyword 'Close Browser' expected 0 arguments, got 1.</status>
</kw>
<status status="FAIL" start="2025-06-14T21:16:55.383700" elapsed="0.000540">Keyword 'Close Browser' expected 0 arguments, got 1.</status>
</kw>
<msg time="2025-06-14T21:16:55.454563" level="INFO">Starting Browser process /home/kkhalttunen/yamk_thesis_enhanced/yamk_env/lib/python3.12/site-packages/Browser/wrapper/index.js using at 127.0.0.1:46651</msg>
<doc>Tests the login functionality for the-internet.herokuapp.com</doc>
<tag>login browser_testing</tag>
<status status="FAIL" start="2025-06-14T21:16:55.380339" elapsed="0.003942">Keyword 'Browser.Get Text' expected 1 to 4 arguments, got 0.

Also teardown failed:
Keyword 'Close Browser' expected 0 arguments, got 1.</status>
</test>
<doc>Tests the login functionality for the-internet.herokuapp.com</doc>
<status status="FAIL" start="2025-06-14T21:16:55.231904" elapsed="0.867320"/>
</suite>
<statistics>
<total>
<stat pass="0" fail="1" skip="0">All Tests</stat>
</total>
<tag>
<stat pass="0" fail="1" skip="0">login browser_testing</stat>
</tag>
<suite>
<stat name="Example Login Use Case" id="s1" pass="0" fail="1" skip="0">Example Login Use Case</stat>
</suite>
</statistics>
<errors>
</errors>
</robot>
